
[*] Running Invoke-AllChecks


[*] Checking if user is in a local group with administrative privileges...


[*] Checking for unquoted service paths...


[*] Checking service executable and argument permissions...


[*] Checking service permissions...


ServiceName   : UsoSvc
Path          : C:\Windows\system32\svchost.exe -k netsvcs -p
StartName     : LocalSystem
AbuseFunction : Invoke-ServiceAbuse -ServiceName 'UsoSvc'





[*] Checking %PATH% for potentially hijackable .dll locations...


HijackablePath : C:\Users\mssql-svc\AppData\Local\Microsoft\WindowsApps\
AbuseFunction  : Write-HijackDll -OutputFile 'C:\Users\mssql-svc\AppData\Local\Microsoft\WindowsApps\\wlbsctrl.dll' 
                 -Command '...'





[*] Checking for AlwaysInstallElevated registry key...


[*] Checking for Autologon credentials in registry...


[*] Checking for vulnerable registry autoruns and configs...


[*] Checking for vulnerable schtask files/configs...


[*] Checking for unattended install files...


UnattendPath : C:\Windows\Panther\Unattend.xml





[*] Checking for encrypted web.config strings...


[*] Checking for encrypted application pool and virtual directory passwords...


