Starting Nmap 7.70 ( https://nmap.org ) at 2019-04-23 03:35 GMT
Nmap scan report for 10.10.10.125
Host is up (0.089s latency).
Not shown: 65521 closed ports
PORT      STATE SERVICE       VERSION
135/tcp   open  msrpc         Microsoft Windows RPC
139/tcp   open  netbios-ssn   Microsoft Windows netbios-ssn
445/tcp   open  microsoft-ds?
1433/tcp  open  ms-sql-s      Microsoft SQL Server  14.00.1000.00
| ms-sql-ntlm-info: 
|   Target_Name: HTB
|   NetBIOS_Domain_Name: HTB
|   NetBIOS_Computer_Name: QUERIER
|   DNS_Domain_Name: HTB.LOCAL
|   DNS_Computer_Name: QUERIER.HTB.LOCAL
|   DNS_Tree_Name: HTB.LOCAL
|_  Product_Version: 10.0.17763
| ssl-cert: Subject: commonName=SSL_Self_Signed_Fallback
| Not valid before: 2019-04-22T13:28:42
|_Not valid after:  2049-04-22T13:28:42
|_ssl-date: 2019-04-23T02:38:15+00:00; -1h00m11s from scanner time.
5985/tcp  open  http          Microsoft HTTPAPI httpd 2.0 (SSDP/UPnP)
|_http-server-header: Microsoft-HTTPAPI/2.0
|_http-title: Not Found
47001/tcp open  http          Microsoft HTTPAPI httpd 2.0 (SSDP/UPnP)
|_http-server-header: Microsoft-HTTPAPI/2.0
|_http-title: Not Found
49664/tcp open  msrpc         Microsoft Windows RPC
49665/tcp open  msrpc         Microsoft Windows RPC
49666/tcp open  msrpc         Microsoft Windows RPC
49667/tcp open  msrpc         Microsoft Windows RPC
49668/tcp open  msrpc         Microsoft Windows RPC
49669/tcp open  msrpc         Microsoft Windows RPC
49670/tcp open  msrpc         Microsoft Windows RPC
49671/tcp open  msrpc         Microsoft Windows RPC
Service Info: OS: Windows; CPE: cpe:/o:microsoft:windows

Host script results:
|_clock-skew: mean: -1h00m11s, deviation: 0s, median: -1h00m11s
| ms-sql-info: 
|   10.10.10.125:1433: 
|     Version: 
|       name: Microsoft SQL Server 
|       number: 14.00.1000.00
|       Product: Microsoft SQL Server 
|_    TCP port: 1433
| smb2-security-mode: 
|   2.02: 
|_    Message signing enabled but not required
| smb2-time: 
|   date: 2019-04-23 02:38:17
|_  start_date: N/A

Service detection performed. Please report any incorrect results at https://nmap.org/submit/ .
Nmap done: 1 IP address (1 host up) scanned in 154.87 seconds
